<?xml version="1.0" encoding="UTF-8"?>
<testng-results ignored="0" total="1" passed="1" failed="0" skipped="0">
  <reporter-output>
  </reporter-output>
  <suite started-at="2025-05-27T22:06:40 IST" name="Surefire suite" finished-at="2025-05-27T22:06:40 IST" duration-ms="46">
    <groups>
    </groups>
    <test started-at="2025-05-27T22:06:40 IST" name="Surefire test" finished-at="2025-05-27T22:06:40 IST" duration-ms="46">
      <class name="com.qa.tests.AppTest">
        <test-method signature="shouldAnswerWithTrue()" started-at="2025-05-27T22:06:40 IST" name="shouldAnswerWithTrue" finished-at="2025-05-27T22:06:40 IST" duration-ms="6" status="PASS">
          <reporter-output>
          </reporter-output>
        </test-method> <!-- shouldAnswerWithTrue -->
      </class> <!-- com.qa.tests.AppTest -->
    </test> <!-- Surefire test -->
  </suite> <!-- Surefire suite -->
</testng-results>
