<?xml version="1.0" encoding="UTF-8"?>
<testng-results ignored="0" total="1" passed="1" failed="0" skipped="0">
  <reporter-output>
  </reporter-output>
  <suite started-at="2025-05-27T22:06:27 IST" name="Surefire suite" finished-at="2025-05-27T22:06:39 IST" duration-ms="12820">
    <groups>
    </groups>
    <test started-at="2025-05-27T22:06:27 IST" name="Surefire test" finished-at="2025-05-27T22:06:39 IST" duration-ms="12820">
      <class name="com.qa.tests.LoginTest">
        <test-method is-config="true" signature="setUp()[pri:0, instance:com.qa.tests.LoginTest@5ef60048]" started-at="2025-05-27T22:06:27 IST" name="setUp" finished-at="2025-05-27T22:06:34 IST" duration-ms="7175" status="PASS">
          <reporter-output>
          </reporter-output>
        </test-method> <!-- setUp -->
        <test-method signature="testLogin()[pri:0, instance:com.qa.tests.LoginTest@5ef60048]" started-at="2025-05-27T22:06:34 IST" name="testLogin" finished-at="2025-05-27T22:06:38 IST" duration-ms="4342" status="PASS">
          <reporter-output>
          </reporter-output>
        </test-method> <!-- testLogin -->
        <test-method is-config="true" signature="tearDown()[pri:0, instance:com.qa.tests.LoginTest@5ef60048]" started-at="2025-05-27T22:06:38 IST" name="tearDown" finished-at="2025-05-27T22:06:39 IST" duration-ms="1239" status="PASS">
          <reporter-output>
          </reporter-output>
        </test-method> <!-- tearDown -->
      </class> <!-- com.qa.tests.LoginTest -->
    </test> <!-- Surefire test -->
  </suite> <!-- Surefire suite -->
</testng-results>
